0 info it worked if it ends with ok
1 verbose cli [ 'node', '/usr/local/bin/npm', 'version', 'major' ]
2 info using npm@2.10.0
3 info using node@v0.10.38
4 info git [ 'status', '--porcelain' ]
5 verbose stack Error: Git working directory not clean.
5 verbose stack M README.md
5 verbose stack R  css/bootstrap.min.css -> extension/css/bootstrap.min.css
5 verbose stack R  css/notifier-chrome-extension-notice.css -> extension/css/notifier-chrome-extension-notice.css
5 verbose stack R  css/options.css -> extension/css/options.css
5 verbose stack R  icon.png -> extension/icon.png
5 verbose stack R  js/background-bundle.js -> extension/js/background-bundle.js
5 verbose stack RM js/background-bundle.js.map -> extension/js/background-bundle.js.map
5 verbose stack R  js/bootstrap.min.js -> extension/js/bootstrap.min.js
5 verbose stack R  js/insertNotice-bundle.js -> extension/js/insertNotice-bundle.js
5 verbose stack RM js/insertNotice-bundle.js.map -> extension/js/insertNotice-bundle.js.map
5 verbose stack R  js/jquery.min.js -> extension/js/jquery.min.js
5 verbose stack R  js/options-bundle.js -> extension/js/options-bundle.js
5 verbose stack RM js/options-bundle.js.map -> extension/js/options-bundle.js.map
5 verbose stack R  manifest.json -> extension/manifest.json
5 verbose stack R  options.html -> extension/options.html
5 verbose stack M package.json
5 verbose stack M webpack.config.js
5 verbose stack     at /usr/local/lib/node_modules/npm/lib/version.js:138:37
5 verbose stack     at ChildProcess.exithandler (child_process.js:656:7)
5 verbose stack     at ChildProcess.emit (events.js:98:17)
5 verbose stack     at maybeClose (child_process.js:766:16)
5 verbose stack     at Socket.<anonymous> (child_process.js:979:11)
5 verbose stack     at Socket.emit (events.js:95:17)
5 verbose stack     at Pipe.close (net.js:466:12)
6 verbose cwd /Users/liam.dickson/projects/1stdibs.com-notifier
7 error Darwin 14.4.0
8 error argv "node" "/usr/local/bin/npm" "version" "major"
9 error node v0.10.38
10 error npm  v2.10.0
11 error Git working directory not clean.
11 error M README.md
11 error R  css/bootstrap.min.css -> extension/css/bootstrap.min.css
11 error R  css/notifier-chrome-extension-notice.css -> extension/css/notifier-chrome-extension-notice.css
11 error R  css/options.css -> extension/css/options.css
11 error R  icon.png -> extension/icon.png
11 error R  js/background-bundle.js -> extension/js/background-bundle.js
11 error RM js/background-bundle.js.map -> extension/js/background-bundle.js.map
11 error R  js/bootstrap.min.js -> extension/js/bootstrap.min.js
11 error R  js/insertNotice-bundle.js -> extension/js/insertNotice-bundle.js
11 error RM js/insertNotice-bundle.js.map -> extension/js/insertNotice-bundle.js.map
11 error R  js/jquery.min.js -> extension/js/jquery.min.js
11 error R  js/options-bundle.js -> extension/js/options-bundle.js
11 error RM js/options-bundle.js.map -> extension/js/options-bundle.js.map
11 error R  manifest.json -> extension/manifest.json
11 error R  options.html -> extension/options.html
11 error M package.json
11 error M webpack.config.js
12 error If you need help, you may report this error at:
12 error     <https://github.com/npm/npm/issues>
13 verbose exit [ 1, true ]
